# JRE version: OpenJDK Runtime Environment Corretto-23.0.2.7.1 (23.0.2+7) (build 23.0.2+7-FR)
# Java VM: OpenJDK 64-Bit Server VM Corretto-23.0.2.7.1 (23.0.2+7-FR, mixed mode, sharing, tiered, compressed oops, compressed class ptrs, g1 gc, linux-amd64)
Heap:
 garbage-first heap   total reserved 5074944K, committed 323584K, used 141081K [0x00000006ca400000, 0x0000000800000000)
  region size 4096K, 15 young (61440K), 4 survivors (16384K)
 Metaspace       used 11583K, committed 11840K, reserved 1114112K
  class space    used 1083K, committed 1216K, reserved 1048576K
GC Heap History (12 events):
Event: 0,498 GC heap before
{Heap before GC invocations=0 (full 0):
 garbage-first heap   total reserved 5074944K, committed 323584K, used 25721K [0x00000006ca400000, 0x0000000800000000)
  region size 4096K, 6 young (24576K), 0 survivors (0K)
 Metaspace       used 9154K, committed 9344K, reserved 1114112K
  class space    used 954K, committed 1024K, reserved 1048576K
}
Event: 0,503 GC heap after
{Heap after GC invocations=1 (full 0):
 garbage-first heap   total reserved 5074944K, committed 323584K, used 7026K [0x00000006ca400000, 0x0000000800000000)
  region size 4096K, 1 young (4096K), 1 survivors (4096K)
 Metaspace       used 9154K, committed 9344K, reserved 1114112K
  class space    used 954K, committed 1024K, reserved 1048576K
}
Event: 1,957 GC heap before
{Heap before GC invocations=1 (full 0):
 garbage-first heap   total reserved 5074944K, committed 323584K, used 27506K [0x00000006ca400000, 0x0000000800000000)
  region size 4096K, 6 young (24576K), 1 survivors (4096K)
 Metaspace       used 10299K, committed 10560K, reserved 1114112K
  class space    used 1045K, committed 1216K, reserved 1048576K
}
Event: 1,961 GC heap after
{Heap after GC invocations=2 (full 0):
 garbage-first heap   total reserved 5074944K, committed 323584K, used 8629K [0x00000006ca400000, 0x0000000800000000)
  region size 4096K, 1 young (4096K), 1 survivors (4096K)
 Metaspace       used 10299K, committed 10560K, reserved 1114112K
  class space    used 1045K, committed 1216K, reserved 1048576K
}
Event: 23,899 GC heap before
{Heap before GC invocations=2 (full 0):
 garbage-first heap   total reserved 5074944K, committed 323584K, used 70069K [0x00000006ca400000, 0x0000000800000000)
  region size 4096K, 17 young (69632K), 1 survivors (4096K)
 Metaspace       used 11212K, committed 11456K, reserved 1114112K
  class space    used 1079K, committed 1216K, reserved 1048576K
}
Event: 23,908 GC heap after
{Heap after GC invocations=3 (full 0):
 garbage-first heap   total reserved 5074944K, committed 323584K, used 18790K [0x00000006ca400000, 0x0000000800000000)
  region size 4096K, 3 young (12288K), 3 survivors (12288K)
 Metaspace       used 11212K, committed 11456K, reserved 1114112K
  class space    used 1079K, committed 1216K, reserved 1048576K
}
Event: 38,179 GC heap before
{Heap before GC invocations=3 (full 0):
 garbage-first heap   total reserved 5074944K, committed 323584K, used 67942K [0x00000006ca400000, 0x0000000800000000)
  region size 4096K, 16 young (65536K), 3 survivors (12288K)
 Metaspace       used 11380K, committed 11584K, reserved 1114112K
  class space    used 1079K, committed 1216K, reserved 1048576K
}
Event: 38,192 GC heap after
{Heap after GC invocations=4 (full 0):
 garbage-first heap   total reserved 5074944K, committed 323584K, used 33449K [0x00000006ca400000, 0x0000000800000000)
  region size 4096K, 2 young (8192K), 2 survivors (8192K)
 Metaspace       used 11380K, committed 11584K, reserved 1114112K
  class space    used 1079K, committed 1216K, reserved 1048576K
}
Event: 57,360 GC heap before
{Heap before GC invocations=4 (full 0):
 garbage-first heap   total reserved 5074944K, committed 323584K, used 127657K [0x00000006ca400000, 0x0000000800000000)
  region size 4096K, 26 young (106496K), 2 survivors (8192K)
 Metaspace       used 11473K, committed 11712K, reserved 1114112K
  class space    used 1079K, committed 1216K, reserved 1048576K
}
Event: 57,378 GC heap after
{Heap after GC invocations=5 (full 0):
 garbage-first heap   total reserved 5074944K, committed 323584K, used 63939K [0x00000006ca400000, 0x0000000800000000)
  region size 4096K, 4 young (16384K), 4 survivors (16384K)
 Metaspace       used 11473K, committed 11712K, reserved 1114112K
  class space    used 1079K, committed 1216K, reserved 1048576K
}
Event: 69,639 GC heap before
{Heap before GC invocations=5 (full 0):
 garbage-first heap   total reserved 5074944K, committed 323584K, used 145859K [0x00000006ca400000, 0x0000000800000000)
  region size 4096K, 25 young (102400K), 4 survivors (16384K)
 Metaspace       used 11550K, committed 11840K, reserved 1114112K
  class space    used 1080K, committed 1216K, reserved 1048576K
}
Event: 69,651 GC heap after
{Heap after GC invocations=6 (full 0):
 garbage-first heap   total reserved 5074944K, committed 323584K, used 96025K [0x00000006ca400000, 0x0000000800000000)
  region size 4096K, 4 young (16384K), 4 survivors (16384K)
 Metaspace       used 11550K, committed 11840K, reserved 1114112K
  class space    used 1080K, committed 1216K, reserved 1048576K
}

